d:\kpokyrs\kyrs\debug\vc143.pdb
d:\kpokyrs\kyrs\debug\vc143.idb
d:\kpokyrs\kyrs\debug\semanticanalize.obj
d:\kpokyrs\kyrs\debug\polishnot.obj
d:\kpokyrs\kyrs\debug\parm.obj
d:\kpokyrs\kyrs\debug\out.obj
d:\kpokyrs\kyrs\debug\mfst.obj
d:\kpokyrs\kyrs\debug\log.obj
d:\kpokyrs\kyrs\debug\lexicalanalize.obj
d:\kpokyrs\kyrs\debug\lt.obj
d:\kpokyrs\kyrs\debug\in.obj
d:\kpokyrs\kyrs\debug\it.obj
d:\kpokyrs\kyrs\debug\generator.obj
d:\kpokyrs\kyrs\debug\grb.obj
d:\kpokyrs\kyrs\debug\fst.obj
d:\kpokyrs\kyrs\debug\error.obj
d:\kpokyrs\kyrs\debug\control.obj
d:\kpokyrs\kyrs\debug\kyrs.exe
d:\kpokyrs\kyrs\debug\kyrs.ilk
d:\kpokyrs\kyrs\debug\kyrs.pdb
d:\kpokyrs\kyrs\debug\generator.obj.enc
d:\kpokyrs\kyrs\debug\staticlibrary.idb
d:\kpokyrs\kyrs\debug\staticlibrary.pdb
d:\kpokyrs\kyrs\debug\kyrs.tlog\cl.command.1.tlog
d:\kpokyrs\kyrs\debug\kyrs.tlog\cl.read.1.tlog
d:\kpokyrs\kyrs\debug\kyrs.tlog\cl.write.1.tlog
d:\kpokyrs\kyrs\debug\kyrs.tlog\link.command.1.tlog
d:\kpokyrs\kyrs\debug\kyrs.tlog\link.read.1.tlog
d:\kpokyrs\kyrs\debug\kyrs.tlog\link.write.1.tlog
